<?xml version="1.0" encoding="UTF-8"?>
<testng-results skipped="0" failed="0" total="1" passed="1">
  <reporter-output>
  </reporter-output>
  <suite name="Suite" duration-ms="997302" started-at="2012-10-17T09:11:17Z" finished-at="2012-10-17T09:27:54Z">
    <groups>
    </groups>
    <test name="Test" duration-ms="997302" started-at="2012-10-17T09:11:17Z" finished-at="2012-10-17T09:27:54Z">
      <class name="com.clogic.SeleniumFramework.ClassTest">
        <test-method status="PASS" signature="setUp()[pri:0, instance:com.clogic.SeleniumFramework.ClassTest@11c8a71]" name="setUp" is-config="true" duration-ms="14842" started-at="2012-10-17T14:41:02Z" finished-at="2012-10-17T14:41:17Z">
          <reporter-output>
          </reporter-output>
        </test-method> <!-- setUp -->
        <test-method status="PASS" signature="agentPortalRolesTest()[pri:0, instance:com.clogic.SeleniumFramework.ClassTest@11c8a71]" name="agentPortalRolesTest" duration-ms="997276" started-at="2012-10-17T14:41:17Z" description="Get Agent portal Roles" finished-at="2012-10-17T14:57:54Z">
          <reporter-output>
          </reporter-output>
        </test-method> <!-- agentPortalRolesTest -->
        <test-method status="PASS" signature="tearDown()[pri:0, instance:com.clogic.SeleniumFramework.ClassTest@11c8a71]" name="tearDown" is-config="true" duration-ms="633" started-at="2012-10-17T14:57:54Z" finished-at="2012-10-17T14:57:55Z">
          <reporter-output>
          </reporter-output>
        </test-method> <!-- tearDown -->
      </class> <!-- com.clogic.SeleniumFramework.ClassTest -->
    </test> <!-- Test -->
  </suite> <!-- Suite -->
</testng-results>
